log dir exist
ACM_DOMINANT1
log dir exist
Cora_AnomalyDAE1
Citeseer_AnomalyDAE1
Pubmed_AnomalyDAE1
ogbn-arxiv_AnomalyDAE1
ACM_AnomalyDAE1
Flickr_AnomalyDAE1
BlogCatalog_AnomalyDAE1
log dir exist
Cora_AnomalyDAE1
Citeseer_AnomalyDAE1
Pubmed_AnomalyDAE1
ogbn-arxiv_AnomalyDAE1
ACM_AnomalyDAE1
Flickr_AnomalyDAE1
BlogCatalog_AnomalyDAE1
log dir exist
Cora_AnomalyDAE1
Citeseer_AnomalyDAE1
Pubmed_AnomalyDAE1
ogbn-arxiv_AnomalyDAE1
ACM_AnomalyDAE1
Flickr_AnomalyDAE1
BlogCatalog_AnomalyDAE1
log dir exist
Cora_AnomalyDAE1
Citeseer_AnomalyDAE1
Pubmed_AnomalyDAE1
ogbn-arxiv_AnomalyDAE1
ACM_AnomalyDAE1
Flickr_AnomalyDAE1
BlogCatalog_AnomalyDAE1
log dir exist
Cora_AnomalyDAE1
Citeseer_AnomalyDAE1
Pubmed_AnomalyDAE1
ogbn-arxiv_AnomalyDAE1
ACM_AnomalyDAE1
